<?xml version="1.0" encoding="UTF-8"?>
<testng-results ignored="0" total="1" passed="1" failed="0" skipped="0">
  <reporter-output>
  </reporter-output>
  <suite started-at="2024-12-27T22:16:40 IST" name="Suite" finished-at="2024-12-27T22:19:10 IST" duration-ms="149849">
    <groups>
    </groups>
    <test started-at="2024-12-27T22:16:40 IST" name="Test" finished-at="2024-12-27T22:19:10 IST" duration-ms="149849">
      <class name="testpackage.ThomasCookTest">
        <test-method is-config="true" signature="setUp()[pri:0, instance:testpackage.ThomasCookTest@79e4c792]" started-at="2024-12-27T22:16:40 IST" name="setUp" finished-at="2024-12-27T22:17:33 IST" duration-ms="52610" status="PASS">
          <reporter-output>
          </reporter-output>
        </test-method> <!-- setUp -->
        <test-method signature="testThomasCook()[pri:0, instance:testpackage.ThomasCookTest@79e4c792]" started-at="2024-12-27T22:17:34 IST" name="testThomasCook" finished-at="2024-12-27T22:19:10 IST" duration-ms="96033" status="PASS">
          <reporter-output>
          </reporter-output>
        </test-method> <!-- testThomasCook -->
      </class> <!-- testpackage.ThomasCookTest -->
    </test> <!-- Test -->
  </suite> <!-- Suite -->
</testng-results>
